<?xml version="1.0" encoding="UTF-8"?>
<robot generator="Robot 5.0 (Python 3.10.2 on win32)" generated="20220512 16:46:38.173" rpa="false" schemaversion="3">
<suite id="s1" name="Home" source="C:\qaninja\twp\tests\home.robot">
<test id="s1-t1" name="Deve abrir a tela principal" line="14">
<kw name="Open Application" library="AppiumLibrary">
<arg>http://localhost:4723/wd/hub</arg>
<arg>automationName=UIAutomator2</arg>
<arg>platformName=Android</arg>
<arg>deviceName=Emulator</arg>
<arg>app=${EXECDIR}/app/twp.apk</arg>
<doc>Opens a new application to given Appium server.
Capabilities of appium server, Android and iOS,
Please check https://github.com/appium/appium/blob/master/docs/en/writing-running-appium/server-args.md
| *Option*            | *Man.* | *Description*     |
| remote_url          | Yes    | Appium server url |
| alias               | no     | alias             |</doc>
<kw name="Capture Page Screenshot" library="AppiumLibrary">
<doc>Takes a screenshot of the current page and embeds it into the log.</doc>
<msg timestamp="20220512 16:47:02.314" level="FAIL">No application is open</msg>
<status status="FAIL" starttime="20220512 16:47:02.306" endtime="20220512 16:47:02.426"/>
</kw>
<msg timestamp="20220512 16:47:02.431" level="WARN">Keyword 'Capture Page Screenshot' could not be run on failure: No application is open</msg>
<msg timestamp="20220512 16:47:02.457" level="FAIL">AttributeError: can't set attribute 'capabilities'</msg>
<status status="FAIL" starttime="20220512 16:46:39.975" endtime="20220512 16:47:02.459"/>
</kw>
<kw name="Wait Until Page Contains" library="AppiumLibrary">
<arg>Training Wheels Protocol</arg>
<arg>5</arg>
<doc>Waits until `text` appears on current page.</doc>
<status status="NOT RUN" starttime="20220512 16:47:02.460" endtime="20220512 16:47:02.460"/>
</kw>
<kw name="Wait Until Page Contains" library="AppiumLibrary">
<arg>Mobile Version</arg>
<doc>Waits until `text` appears on current page.</doc>
<status status="NOT RUN" starttime="20220512 16:47:02.472" endtime="20220512 16:47:02.472"/>
</kw>
<kw name="Close Application" library="AppiumLibrary">
<doc>Closes the current application and also close webdriver session.</doc>
<status status="NOT RUN" starttime="20220512 16:47:02.475" endtime="20220512 16:47:02.475"/>
</kw>
<status status="FAIL" starttime="20220512 16:46:39.974" endtime="20220512 16:47:02.477">AttributeError: can't set attribute 'capabilities'</status>
</test>
<status status="FAIL" starttime="20220512 16:46:38.176" endtime="20220512 16:47:02.481"/>
</suite>
<statistics>
<total>
<stat pass="0" fail="1" skip="0">All Tests</stat>
</total>
<tag>
</tag>
<suite>
<stat pass="0" fail="1" skip="0" id="s1" name="Home">Home</stat>
</suite>
</statistics>
<errors>
<msg timestamp="20220512 16:47:02.431" level="WARN">Keyword 'Capture Page Screenshot' could not be run on failure: No application is open</msg>
</errors>
</robot>
